<?xml version="1.0" encoding="UTF-8"?>
<testng-results ignored="0" total="1" passed="1" failed="0" skipped="0">
  <reporter-output>
  </reporter-output>
  <suite started-at="2023-03-30T18:02:14 IST" name="Default suite" finished-at="2023-03-30T18:02:26 IST" duration-ms="11162">
    <groups>
    </groups>
    <test started-at="2023-03-30T18:02:14 IST" name="Default test" finished-at="2023-03-30T18:02:26 IST" duration-ms="11162">
      <class name="bksoft.OpenCartAutomation.testcases.HomePageTest">
        <test-method is-config="true" signature="setUp()[pri:0, instance:bksoft.OpenCartAutomation.testcases.HomePageTest@4d154ccd]" started-at="2023-03-30T18:02:15 IST" name="setUp" finished-at="2023-03-30T18:02:22 IST" duration-ms="7411" status="PASS">
          <reporter-output>
          </reporter-output>
        </test-method> <!-- setUp -->
        <test-method signature="validatingHomepageLocatorsFunctionality()[pri:0, instance:bksoft.OpenCartAutomation.testcases.HomePageTest@4d154ccd]" started-at="2023-03-30T18:02:22 IST" name="validatingHomepageLocatorsFunctionality" finished-at="2023-03-30T18:02:25 IST" duration-ms="3308" status="PASS">
          <reporter-output>
          </reporter-output>
        </test-method> <!-- validatingHomepageLocatorsFunctionality -->
        <test-method is-config="true" signature="tearDown()[pri:0, instance:bksoft.OpenCartAutomation.testcases.HomePageTest@4d154ccd]" started-at="2023-03-30T18:02:25 IST" name="tearDown" finished-at="2023-03-30T18:02:26 IST" duration-ms="371" status="PASS">
          <reporter-output>
          </reporter-output>
        </test-method> <!-- tearDown -->
      </class> <!-- bksoft.OpenCartAutomation.testcases.HomePageTest -->
    </test> <!-- Default test -->
  </suite> <!-- Default suite -->
</testng-results>
